INFO:root:Connecting to the MySQL database
INFO:root:Connection Successful
INFO:root: SQL Query Executed: update employees set employeeNumber = 1000 where firstName = 'Dipti'
INFO:root:Connecting to the MySQL database
INFO:root:Connection Successful
INFO:root: SQL Query Executed: update employees set employeeNumber = 1000 where firstName = 'Dipti'
INFO:root:Connecting to the MySQL database
INFO:root:Connection Successful
INFO:root: SQL Query Executed: select firstName, lastName, jobTitle from employees where lastName = 'Bad' or employeeNumber = 1143 or firstName = 'Bill'
INFO:root:SQL query data fetched
INFO:root:Connecting to the MySQL database
INFO:root:Connection Successful
INFO:root: SQL Query Executed: select firstName, lastName, jobTitle from employees where lastName = 'Bad' or employeeNumber = 1143 or firstName = 'Bill'
INFO:root:SQL query data fetched
INFO:root:Connecting to the MySQL database
INFO:root:Connection Successful
INFO:root: SQL Query Executed: select firstName, lastName, jobTitle from employees where lastName = 'Bad' or employeeNumber = 1143 or firstName = 'Bill'
INFO:root:SQL query data fetched
INFO:root:Connecting to the MySQL database
INFO:root:Connection Successful
INFO:root: SQL Query Executed: select firstName, lastName, jobTitle from employees where lastName = 'Bad' or employeeNumber = 1143 or firstName = 'Bill'
INFO:root:SQL query data fetched
INFO:root:Connecting to the MySQL database
INFO:root:Connection Successful
INFO:root:Connecting to the MySQL database
INFO:root:Connection Successful
INFO:root:Connecting to the MySQL database
INFO:root:Connection Successful
INFO:root:Connecting to the MySQL database
INFO:root:Connection Successful
INFO:root: SQL Query Executed: select firstName, lastName, jobTitle from employees where lastName = 'Bad' or employeeNumber = 1143 or firstName = 'Bill'
INFO:root:SQL query data fetched
INFO:root:Connecting to the MySQL database
INFO:root:Connection Successful
INFO:root: SQL Query Executed: select firstName, lastName, jobTitle from employees where lastName = 'Bad' or employeeNumber = 1143 or firstName = 'Bill'
INFO:root:SQL query data fetched
INFO:root:Connecting to the MySQL database
INFO:root:Connection Successful
INFO:root: SQL Query Executed: select firstName, lastName, jobTitle from employees where lastName = 'Bad' or employeeNumber = 1143 or firstName = 'Bill'
INFO:root:SQL query data fetched
INFO:root:Connecting to the MySQL database
INFO:root:Connection Successful
INFO:root: SQL Query Executed: select firstName, lastName, jobTitle from employees where lastName = 'Bad' or employeeNumber = 1143 or firstName = 'Bill'
INFO:root:SQL query data fetched
INFO:root:Connecting to the MySQL database
INFO:root:Connection Successful
INFO:root: SQL Query Executed: select firstName, lastName, jobTitle from employees where lastName = 'Bad' or employeeNumber = 1143 or firstName = 'Bill'
INFO:root:SQL query data fetched
INFO:root:Connecting to the MySQL database
INFO:root:Connection Successful
INFO:root: SQL Query Executed: select firstName, lastName, jobTitle from employees where lastName = 'Bad' or employeeNumber = 1143 or firstName = 'Bill'
INFO:root:SQL query data fetched
INFO:root:Connecting to the MySQL database
INFO:root:Connection Successful
INFO:root: SQL Query Executed: select firstName, lastName, jobTitle from employees where lastName = 'Bad' or employeeNumber = 1143 or firstName = 'Bill'
INFO:root:SQL query data fetched
INFO:root:Connecting to the MySQL database
INFO:root:Connection Successful
INFO:root: SQL Query Executed: select firstName, lastName, jobTitle from employees where lastName = 'Bad' or employeeNumber = 1143 or firstName = 'Bill'
INFO:root:SQL query data fetched
INFO:root:Connecting to the MySQL database
INFO:root:Connection Successful
INFO:root:Connecting to the MySQL database
INFO:root:Connection Successful
INFO:root: SQL Query Executed: select firstName, lastName, jobTitle from employees where lastName = 'Bad' or employeeNumber = 1143 or firstName = 'Bill'
INFO:root:SQL query data fetched
INFO:root:Connecting to the MySQL database
INFO:root:Connection Successful
INFO:root:Connecting to the MySQL database
INFO:root:Connection Successful
INFO:root: SQL Query Executed: select firstName, lastName, jobTitle from employees where lastName = 'Bad' or employeeNumber = 1143 or firstName = 'Bill'
INFO:root:SQL query data fetched
INFO:root:Connecting to the MySQL database
INFO:root:Connection Successful
INFO:root:Connecting to the MySQL database
INFO:root:Connection Successful
INFO:root: SQL Query Executed: select firstName, lastName, jobTitle from employees where lastName = 'Bad' or employeeNumber = 1143 or firstName = 'Bill'
INFO:root:SQL query data fetched
INFO:root:Connecting to the MySQL database
INFO:root:Connection Successful
INFO:root:Connecting to the MySQL database
INFO:root:Connection Successful
INFO:root: SQL Query Executed: select firstName, lastName, jobTitle from employees where lastName = 'Bad' or employeeNumber = 1143 or firstName = 'Bill'
INFO:root:SQL query data fetched
INFO:root:Connecting to the MySQL database
INFO:root:Connection Successful
INFO:root:Connecting to the MySQL database
INFO:root:Connection Successful
INFO:root: SQL Query Executed: select firstName, lastName, jobTitle from employees where lastName = 'Bad' or employeeNumber = 1143 or firstName = 'Bill'
INFO:root:SQL query data fetched
